<?xml version="1.0" encoding="UTF-8"?>
<!-- Generated by org.testng.reporters.JUnitReportReporter -->
<testsuite hostname="DESKTOP-GEMFSJ4" failures="0" tests="1" name="preparation._04_2023.FirstProject" time="10.850" errors="0" timestamp="2023-05-03T13:15:47 IST" skipped="0">
  <testcase classname="preparation._04_2023.FirstProject" name="fullpro" time="10.850"/>
  <system-out/>
</testsuite> <!-- preparation._04_2023.FirstProject -->
